Flow report for procesador_pipeline
Fri May 06 00:16:48 2022
Quartus II 64-Bit Version 14.1.0 Build 186 12/03/2014 SJ Web Edition


---------------------
; Table of Contents ;
---------------------
  1. Legal Notice
  2. Flow Summary
  3. Flow Settings
  4. Flow Non-Default Global Settings
  5. Flow Elapsed Time
  6. Flow OS Summary
  7. Flow Log
  8. Flow Messages
  9. Flow Suppressed Messages



----------------
; Legal Notice ;
----------------
Copyright (C) 1991-2014 Altera Corporation. All rights reserved.
Your use of Altera Corporation's design tools, logic functions 
and other software and tools, and its AMPP partner logic 
functions, and any output files from any of the foregoing 
(including device programming or simulation files), and any 
associated documentation or information are expressly subject 
to the terms and conditions of the Altera Program License 
Subscription Agreement, the Altera Quartus II License Agreement,
the Altera MegaCore Function License Agreement, or other 
applicable license agreement, including, without limitation, 
that your use is for the sole purpose of programming logic 
devices manufactured by Altera and sold by Altera or its 
authorized distributors.  Please refer to the applicable 
agreement for further details.



+--------------------------------------------------------------------------+
; Flow Summary                                                             ;
+-----------------------------+--------------------------------------------+
; Flow Status                 ; Successful - Fri May 06 00:16:48 2022      ;
; Quartus II 64-Bit Version   ; 14.1.0 Build 186 12/03/2014 SJ Web Edition ;
; Revision Name               ; procesador_pipeline                        ;
; Top-level Entity Name       ; memoryAccess_tb                            ;
; Family                      ; Cyclone V                                  ;
; Device                      ; 5CGXFC7C7F23C8                             ;
; Timing Models               ; Final                                      ;
; Logic utilization (in ALMs) ; N/A until Partition Merge                  ;
; Total registers             ; N/A until Partition Merge                  ;
; Total pins                  ; N/A until Partition Merge                  ;
; Total virtual pins          ; N/A until Partition Merge                  ;
; Total block memory bits     ; N/A until Partition Merge                  ;
; Total PLLs                  ; N/A until Partition Merge                  ;
; Total DLLs                  ; N/A until Partition Merge                  ;
+-----------------------------+--------------------------------------------+


+-----------------------------------------+
; Flow Settings                           ;
+-------------------+---------------------+
; Option            ; Setting             ;
+-------------------+---------------------+
; Start date & time ; 05/06/2022 00:16:39 ;
; Main task         ; Compilation         ;
; Revision Name     ; procesador_pipeline ;
+-------------------+---------------------+


+--------------------------------------------------------------------------------------------------------------------------------+
; Flow Non-Default Global Settings                                                                                               ;
+-------------------------------------+---------------------------------+---------------------+-----------------+----------------+
; Assignment Name                     ; Value                           ; Default Value       ; Entity Name     ; Section Id     ;
+-------------------------------------+---------------------------------+---------------------+-----------------+----------------+
; COMPILER_SIGNATURE_ID               ; 27214205541275.165181779932372  ; --                  ; --              ; --             ;
; EDA_OUTPUT_DATA_FORMAT              ; Systemverilog Hdl               ; --                  ; --              ; eda_simulation ;
; EDA_SIMULATION_TOOL                 ; ModelSim-Altera (SystemVerilog) ; <None>              ; --              ; --             ;
; MAX_CORE_JUNCTION_TEMP              ; 85                              ; --                  ; --              ; --             ;
; MIN_CORE_JUNCTION_TEMP              ; 0                               ; --                  ; --              ; --             ;
; PARTITION_COLOR                     ; 16764057                        ; --                  ; memoryAccess_tb ; Top            ;
; PARTITION_FITTER_PRESERVATION_LEVEL ; PLACEMENT_AND_ROUTING           ; --                  ; memoryAccess_tb ; Top            ;
; PARTITION_NETLIST_TYPE              ; SOURCE                          ; --                  ; memoryAccess_tb ; Top            ;
; PROJECT_OUTPUT_DIRECTORY            ; output_files                    ; --                  ; --              ; --             ;
; TOP_LEVEL_ENTITY                    ; memoryAccess_tb                 ; procesador_pipeline ; --              ; --             ;
+-------------------------------------+---------------------------------+---------------------+-----------------+----------------+


+----------------------------------------------------------------------------------------------------------------------------+
; Flow Elapsed Time                                                                                                          ;
+------------------------+--------------+-------------------------+---------------------+------------------------------------+
; Module Name            ; Elapsed Time ; Average Processors Used ; Peak Virtual Memory ; Total CPU Time (on all processors) ;
+------------------------+--------------+-------------------------+---------------------+------------------------------------+
; Analysis & Elaboration ; 00:00:09     ; 1.0                     ; 5409 MB             ; 00:00:17                           ;
; Total                  ; 00:00:09     ; --                      ; --                  ; 00:00:17                           ;
+------------------------+--------------+-------------------------+---------------------+------------------------------------+


+-------------------------------------------------------------------------------------+
; Flow OS Summary                                                                     ;
+------------------------+------------------+-----------+------------+----------------+
; Module Name            ; Machine Hostname ; OS Name   ; OS Version ; Processor type ;
+------------------------+------------------+-----------+------------+----------------+
; Analysis & Elaboration ; DESKTOP-EFFU72K  ; Windows 7 ; 6.2        ; x86_64         ;
+------------------------+------------------+-----------+------------+----------------+


------------
; Flow Log ;
------------
quartus_map --read_settings_files=on --write_settings_files=off procesador_pipeline -c procesador_pipeline --analysis_and_elaboration



